Traceback (most recent call last):
  File "/home/ryan/.conda/envs/work/lib/python3.9/site-packages/jupyter_cache/executors/utils.py", line 51, in single_nb_execution
    executenb(
  File "/home/ryan/.conda/envs/work/lib/python3.9/site-packages/nbclient/client.py", line 1204, in execute
    return NotebookClient(nb=nb, resources=resources, km=km, **kwargs).execute()
  File "/home/ryan/.conda/envs/work/lib/python3.9/site-packages/nbclient/util.py", line 84, in wrapped
    return just_run(coro(*args, **kwargs))
  File "/home/ryan/.conda/envs/work/lib/python3.9/site-packages/nbclient/util.py", line 62, in just_run
    return loop.run_until_complete(coro)
  File "/home/ryan/.conda/envs/work/lib/python3.9/asyncio/base_events.py", line 647, in run_until_complete
    return future.result()
  File "/home/ryan/.conda/envs/work/lib/python3.9/site-packages/nbclient/client.py", line 663, in async_execute
    await self.async_execute_cell(
  File "/home/ryan/.conda/envs/work/lib/python3.9/site-packages/nbclient/client.py", line 965, in async_execute_cell
    await self._check_raise_for_error(cell, cell_index, exec_reply)
  File "/home/ryan/.conda/envs/work/lib/python3.9/site-packages/nbclient/client.py", line 862, in _check_raise_for_error
    raise CellExecutionError.from_cell_and_msg(cell, exec_reply_content)
nbclient.exceptions.CellExecutionError: An error occurred while executing the following cell:
------------------
s1=1;
N=1000
eps=np.finfo('float64').eps
for i in range(1,N):
    s1+=eps/2;

s2=1+500*eps
print('summation 1+eps/2 over ',N,' minus 1 =',(s-1))
print(N/2,'*eps=',(s2-1))
------------------

[0;31m---------------------------------------------------------------------------[0m
[0;31mNameError[0m                                 Traceback (most recent call last)
Input [0;32mIn [12][0m, in [0;36m<cell line: 8>[0;34m()[0m
[1;32m      5[0m     s1[38;5;241m+[39m[38;5;241m=[39meps[38;5;241m/[39m[38;5;241m2[39m;
[1;32m      7[0m s2[38;5;241m=[39m[38;5;241m1[39m[38;5;241m+[39m[38;5;241m500[39m[38;5;241m*[39meps
[0;32m----> 8[0m [38;5;28mprint[39m([38;5;124m'[39m[38;5;124msummation 1+eps/2 over [39m[38;5;124m'[39m,N,[38;5;124m'[39m[38;5;124m minus 1 =[39m[38;5;124m'[39m,([43ms[49m[38;5;241m-[39m[38;5;241m1[39m))
[1;32m      9[0m [38;5;28mprint[39m(N[38;5;241m/[39m[38;5;241m2[39m,[38;5;124m'[39m[38;5;124m*eps=[39m[38;5;124m'[39m,(s2[38;5;241m-[39m[38;5;241m1[39m))

[0;31mNameError[0m: name 's' is not defined
NameError: name 's' is not defined

