Traceback (most recent call last):
  File "/home/ryan/.conda/envs/work/lib/python3.9/site-packages/jupyter_cache/executors/utils.py", line 51, in single_nb_execution
    executenb(
  File "/home/ryan/.conda/envs/work/lib/python3.9/site-packages/nbclient/client.py", line 1112, in execute
    return NotebookClient(nb=nb, resources=resources, km=km, **kwargs).execute()
  File "/home/ryan/.conda/envs/work/lib/python3.9/site-packages/nbclient/util.py", line 74, in wrapped
    return just_run(coro(*args, **kwargs))
  File "/home/ryan/.conda/envs/work/lib/python3.9/site-packages/nbclient/util.py", line 53, in just_run
    return loop.run_until_complete(coro)
  File "/home/ryan/.conda/envs/work/lib/python3.9/asyncio/base_events.py", line 642, in run_until_complete
    return future.result()
  File "/home/ryan/.conda/envs/work/lib/python3.9/site-packages/nbclient/client.py", line 553, in async_execute
    await self.async_execute_cell(
  File "/home/ryan/.conda/envs/work/lib/python3.9/site-packages/nbclient/client.py", line 857, in async_execute_cell
    self._check_raise_for_error(cell, exec_reply)
  File "/home/ryan/.conda/envs/work/lib/python3.9/site-packages/nbclient/client.py", line 760, in _check_raise_for_error
    raise CellExecutionError.from_cell_and_msg(cell, exec_reply_content)
nbclient.exceptions.CellExecutionError: An error occurred while executing the following cell:
------------------
eom_bar(0.1, np.array([-pi/2+0, 0]))[0]
------------------

[0;31m---------------------------------------------------------------------------[0m
[0;31mNameError[0m                                 Traceback (most recent call last)
[0;32m<ipython-input-12-36760ea1785b>[0m in [0;36m<module>[0;34m[0m
[0;32m----> 1[0;31m [0meom_bar[0m[0;34m([0m[0;36m0.1[0m[0;34m,[0m [0mnp[0m[0;34m.[0m[0marray[0m[0;34m([0m[0;34m[[0m[0;34m-[0m[0mpi[0m[0;34m/[0m[0;36m2[0m[0;34m+[0m[0;36m0[0m[0;34m,[0m [0;36m0[0m[0;34m][0m[0;34m)[0m[0;34m)[0m[0;34m[[0m[0;36m0[0m[0;34m][0m[0;34m[0m[0;34m[0m[0m
[0m
[0;32m<ipython-input-11-e62af155644b>[0m in [0;36meom_bar[0;34m(ti, y, li, mi)[0m
[1;32m     18[0m     [0mq0[0m[0;34m[[0m[0;36m2[0m[0;34m][0m[0;34m=[0m[0my[0m[0;34m[[0m[0;36m0[0m[0;34m][0m[0;34m[0m[0;34m[0m[0m
[1;32m     19[0m [0;34m[0m[0m
[0;32m---> 20[0;31m     q = fsolve(lambda q: np.block([C_link(q, t),q[2]-y[0]]),q0, \
[0m[1;32m     21[0m                   fprime= lambda q: np.vstack((Cq_link(q,t),np.array([0,0,1]))))
[1;32m     22[0m [0;34m[0m[0m

[0;32m~/.conda/envs/work/lib/python3.9/site-packages/scipy/optimize/minpack.py[0m in [0;36mfsolve[0;34m(func, x0, args, fprime, full_output, col_deriv, xtol, maxfev, band, epsfcn, factor, diag)[0m
[1;32m    158[0m                'diag': diag}
[1;32m    159[0m [0;34m[0m[0m
[0;32m--> 160[0;31m     [0mres[0m [0;34m=[0m [0m_root_hybr[0m[0;34m([0m[0mfunc[0m[0;34m,[0m [0mx0[0m[0;34m,[0m [0margs[0m[0;34m,[0m [0mjac[0m[0;34m=[0m[0mfprime[0m[0;34m,[0m [0;34m**[0m[0moptions[0m[0;34m)[0m[0;34m[0m[0;34m[0m[0m
[0m[1;32m    161[0m     [0;32mif[0m [0mfull_output[0m[0;34m:[0m[0;34m[0m[0;34m[0m[0m
[1;32m    162[0m         [0mx[0m [0;34m=[0m [0mres[0m[0;34m[[0m[0;34m'x'[0m[0;34m][0m[0;34m[0m[0;34m[0m[0m

[0;32m~/.conda/envs/work/lib/python3.9/site-packages/scipy/optimize/minpack.py[0m in [0;36m_root_hybr[0;34m(func, x0, args, jac, col_deriv, xtol, maxfev, band, eps, factor, diag, **unknown_options)[0m
[1;32m    224[0m     [0;32mif[0m [0;32mnot[0m [0misinstance[0m[0;34m([0m[0margs[0m[0;34m,[0m [0mtuple[0m[0;34m)[0m[0;34m:[0m[0;34m[0m[0;34m[0m[0m
[1;32m    225[0m         [0margs[0m [0;34m=[0m [0;34m([0m[0margs[0m[0;34m,[0m[0;34m)[0m[0;34m[0m[0;34m[0m[0m
[0;32m--> 226[0;31m     [0mshape[0m[0;34m,[0m [0mdtype[0m [0;34m=[0m [0m_check_func[0m[0;34m([0m[0;34m'fsolve'[0m[0;34m,[0m [0;34m'func'[0m[0;34m,[0m [0mfunc[0m[0;34m,[0m [0mx0[0m[0;34m,[0m [0margs[0m[0;34m,[0m [0mn[0m[0;34m,[0m [0;34m([0m[0mn[0m[0;34m,[0m[0;34m)[0m[0;34m)[0m[0;34m[0m[0;34m[0m[0m
[0m[1;32m    227[0m     [0;32mif[0m [0mepsfcn[0m [0;32mis[0m [0;32mNone[0m[0;34m:[0m[0;34m[0m[0;34m[0m[0m
[1;32m    228[0m         [0mepsfcn[0m [0;34m=[0m [0mfinfo[0m[0;34m([0m[0mdtype[0m[0;34m)[0m[0;34m.[0m[0meps[0m[0;34m[0m[0;34m[0m[0m

[0;32m~/.conda/envs/work/lib/python3.9/site-packages/scipy/optimize/minpack.py[0m in [0;36m_check_func[0;34m(checker, argname, thefunc, x0, args, numinputs, output_shape)[0m
[1;32m     22[0m def _check_func(checker, argname, thefunc, x0, args, numinputs,
[1;32m     23[0m                 output_shape=None):
[0;32m---> 24[0;31m     [0mres[0m [0;34m=[0m [0matleast_1d[0m[0;34m([0m[0mthefunc[0m[0;34m([0m[0;34m*[0m[0;34m([0m[0;34m([0m[0mx0[0m[0;34m[[0m[0;34m:[0m[0mnuminputs[0m[0;34m][0m[0;34m,[0m[0;34m)[0m [0;34m+[0m [0margs[0m[0;34m)[0m[0;34m)[0m[0;34m)[0m[0;34m[0m[0;34m[0m[0m
[0m[1;32m     25[0m     [0;32mif[0m [0;34m([0m[0moutput_shape[0m [0;32mis[0m [0;32mnot[0m [0;32mNone[0m[0;34m)[0m [0;32mand[0m [0;34m([0m[0mshape[0m[0;34m([0m[0mres[0m[0;34m)[0m [0;34m!=[0m [0moutput_shape[0m[0;34m)[0m[0;34m:[0m[0;34m[0m[0;34m[0m[0m
[1;32m     26[0m         [0;32mif[0m [0;34m([0m[0moutput_shape[0m[0;34m[[0m[0;36m0[0m[0;34m][0m [0;34m!=[0m [0;36m1[0m[0;34m)[0m[0;34m:[0m[0;34m[0m[0;34m[0m[0m

[0;32m<ipython-input-11-e62af155644b>[0m in [0;36m<lambda>[0;34m(q)[0m
[1;32m     18[0m     [0mq0[0m[0;34m[[0m[0;36m2[0m[0;34m][0m[0;34m=[0m[0my[0m[0;34m[[0m[0;36m0[0m[0;34m][0m[0;34m[0m[0;34m[0m[0m
[1;32m     19[0m [0;34m[0m[0m
[0;32m---> 20[0;31m     q = fsolve(lambda q: np.block([C_link(q, t),q[2]-y[0]]),q0, \
[0m[1;32m     21[0m                   fprime= lambda q: np.vstack((Cq_link(q,t),np.array([0,0,1]))))
[1;32m     22[0m [0;34m[0m[0m

[0;31mNameError[0m: name 't' is not defined
NameError: name 't' is not defined

