Traceback (most recent call last):
  File "/home/ryan/.local/lib/python3.8/site-packages/jupyter_cache/executors/utils.py", line 51, in single_nb_execution
    executenb(
  File "/home/ryan/.local/lib/python3.8/site-packages/nbclient/client.py", line 1087, in execute
    return NotebookClient(nb=nb, resources=resources, km=km, **kwargs).execute()
  File "/home/ryan/.local/lib/python3.8/site-packages/nbclient/util.py", line 74, in wrapped
    return just_run(coro(*args, **kwargs))
  File "/home/ryan/.local/lib/python3.8/site-packages/nbclient/util.py", line 53, in just_run
    return loop.run_until_complete(coro)
  File "/opt/miniconda3/lib/python3.8/asyncio/base_events.py", line 616, in run_until_complete
    return future.result()
  File "/home/ryan/.local/lib/python3.8/site-packages/nbclient/client.py", line 540, in async_execute
    await self.async_execute_cell(
  File "/home/ryan/.local/lib/python3.8/site-packages/nbclient/client.py", line 832, in async_execute_cell
    self._check_raise_for_error(cell, exec_reply)
  File "/home/ryan/.local/lib/python3.8/site-packages/nbclient/client.py", line 740, in _check_raise_for_error
    raise CellExecutionError.from_cell_and_msg(cell, exec_reply['content'])
nbclient.exceptions.CellExecutionError: An error occurred while executing the following cell:
------------------
l=1
m=0.1 
k=20 
g=9.81
P=2*pi/np.sqrt(2*k*g/(2*k*l+m*g))

t=np.linspace(0,2*P);
# your work
# your new solutions, convert rad to deg with 180/pi
# a_inf = 
# a_20 = 

plt.plot(t,a_inf)
plt.plot(t,a_20)
plt.xlabel('time (s)')
plt.ylabel('angle (deg)')
------------------

[0;31m---------------------------------------------------------------------------[0m
[0;31mNameError[0m                                 Traceback (most recent call last)
[0;32m<ipython-input-4-a45e0080344d>[0m in [0;36m<module>[0;34m[0m
[1;32m     11[0m [0;31m# a_20 =[0m[0;34m[0m[0;34m[0m[0;34m[0m[0m
[1;32m     12[0m [0;34m[0m[0m
[0;32m---> 13[0;31m [0mplt[0m[0;34m.[0m[0mplot[0m[0;34m([0m[0mt[0m[0;34m,[0m[0ma_inf[0m[0;34m)[0m[0;34m[0m[0;34m[0m[0m
[0m[1;32m     14[0m [0mplt[0m[0;34m.[0m[0mplot[0m[0;34m([0m[0mt[0m[0;34m,[0m[0ma_20[0m[0;34m)[0m[0;34m[0m[0;34m[0m[0m
[1;32m     15[0m [0mplt[0m[0;34m.[0m[0mxlabel[0m[0;34m([0m[0;34m'time (s)'[0m[0;34m)[0m[0;34m[0m[0;34m[0m[0m

[0;31mNameError[0m: name 'a_inf' is not defined
NameError: name 'a_inf' is not defined

