Traceback (most recent call last):
  File "/home/ryan/.local/lib/python3.8/site-packages/jupyter_cache/executors/utils.py", line 51, in single_nb_execution
    executenb(
  File "/home/ryan/.local/lib/python3.8/site-packages/nbclient/client.py", line 1087, in execute
    return NotebookClient(nb=nb, resources=resources, km=km, **kwargs).execute()
  File "/home/ryan/.local/lib/python3.8/site-packages/nbclient/util.py", line 74, in wrapped
    return just_run(coro(*args, **kwargs))
  File "/home/ryan/.local/lib/python3.8/site-packages/nbclient/util.py", line 53, in just_run
    return loop.run_until_complete(coro)
  File "/opt/miniconda3/lib/python3.8/asyncio/base_events.py", line 616, in run_until_complete
    return future.result()
  File "/home/ryan/.local/lib/python3.8/site-packages/nbclient/client.py", line 540, in async_execute
    await self.async_execute_cell(
  File "/home/ryan/.local/lib/python3.8/site-packages/nbclient/client.py", line 832, in async_execute_cell
    self._check_raise_for_error(cell, exec_reply)
  File "/home/ryan/.local/lib/python3.8/site-packages/nbclient/client.py", line 740, in _check_raise_for_error
    raise CellExecutionError.from_cell_and_msg(cell, exec_reply['content'])
nbclient.exceptions.CellExecutionError: An error occurred while executing the following cell:
------------------
# once my_pendulum has position of the mass, m, the interact command below shouldn't need to change
interact(lambda n:my_pendulum(n,N),i=(0,99))
------------------

[0;31m---------------------------------------------------------------------------[0m
[0;31mValueError[0m                                Traceback (most recent call last)
[0;32m<ipython-input-11-c40541691e22>[0m in [0;36m<module>[0;34m[0m
[1;32m      1[0m [0;31m# once my_pendulum has position of the mass, m, the interact command below shouldn't need to change[0m[0;34m[0m[0;34m[0m[0;34m[0m[0m
[0;32m----> 2[0;31m [0minteract[0m[0;34m([0m[0;32mlambda[0m [0mn[0m[0;34m:[0m[0mmy_pendulum[0m[0;34m([0m[0mn[0m[0;34m,[0m[0mN[0m[0;34m)[0m[0;34m,[0m[0mi[0m[0;34m=[0m[0;34m([0m[0;36m0[0m[0;34m,[0m[0;36m99[0m[0;34m)[0m[0;34m)[0m[0;34m[0m[0;34m[0m[0m
[0m
[0;32m/opt/miniconda3/lib/python3.8/site-packages/ipywidgets/widgets/interaction.py[0m in [0;36m__call__[0;34m(self, _InteractFactory__interact_f, **kwargs)[0m
[1;32m    526[0m         [0;31m#    def f(*args, **kwargs):[0m[0;34m[0m[0;34m[0m[0;34m[0m[0m
[1;32m    527[0m         [0;31m#        ...[0m[0;34m[0m[0;34m[0m[0;34m[0m[0m
[0;32m--> 528[0;31m         [0mw[0m [0;34m=[0m [0mself[0m[0;34m.[0m[0mwidget[0m[0;34m([0m[0mf[0m[0;34m)[0m[0;34m[0m[0;34m[0m[0m
[0m[1;32m    529[0m         [0;32mtry[0m[0;34m:[0m[0;34m[0m[0;34m[0m[0m
[1;32m    530[0m             [0mf[0m[0;34m.[0m[0mwidget[0m [0;34m=[0m [0mw[0m[0;34m[0m[0;34m[0m[0m

[0;32m/opt/miniconda3/lib/python3.8/site-packages/ipywidgets/widgets/interaction.py[0m in [0;36mwidget[0;34m(self, f)[0m
[1;32m    442[0m             [0mThe[0m [0mfunction[0m [0mto[0m [0mwhich[0m [0mthe[0m [0minteractive[0m [0mwidgets[0m [0mare[0m [0mtied[0m[0;34m.[0m[0;34m[0m[0;34m[0m[0m
[1;32m    443[0m         """
[0;32m--> 444[0;31m         [0;32mreturn[0m [0mself[0m[0;34m.[0m[0mcls[0m[0;34m([0m[0mf[0m[0;34m,[0m [0mself[0m[0;34m.[0m[0mopts[0m[0;34m,[0m [0;34m**[0m[0mself[0m[0;34m.[0m[0mkwargs[0m[0;34m)[0m[0;34m[0m[0;34m[0m[0m
[0m[1;32m    445[0m [0;34m[0m[0m
[1;32m    446[0m     [0;32mdef[0m [0m__call__[0m[0;34m([0m[0mself[0m[0;34m,[0m [0m__interact_f[0m[0;34m=[0m[0;32mNone[0m[0;34m,[0m [0;34m**[0m[0mkwargs[0m[0;34m)[0m[0;34m:[0m[0;34m[0m[0;34m[0m[0m

[0;32m/opt/miniconda3/lib/python3.8/site-packages/ipywidgets/widgets/interaction.py[0m in [0;36m__init__[0;34m(self, _interactive__interact_f, _interactive__options, **kwargs)[0m
[1;32m    186[0m         [0mself[0m[0;34m.[0m[0mauto_display[0m [0;34m=[0m [0m__options[0m[0;34m.[0m[0mget[0m[0;34m([0m[0;34m"auto_display"[0m[0;34m,[0m [0;32mFalse[0m[0;34m)[0m[0;34m[0m[0;34m[0m[0m
[1;32m    187[0m [0;34m[0m[0m
[0;32m--> 188[0;31m         [0mnew_kwargs[0m [0;34m=[0m [0mself[0m[0;34m.[0m[0mfind_abbreviations[0m[0;34m([0m[0mkwargs[0m[0;34m)[0m[0;34m[0m[0;34m[0m[0m
[0m[1;32m    189[0m         [0;31m# Before we proceed, let's make sure that the user has passed a set of args+kwargs[0m[0;34m[0m[0;34m[0m[0;34m[0m[0m
[1;32m    190[0m         [0;31m# that will lead to a valid call of the function. This protects against unspecified[0m[0;34m[0m[0;34m[0m[0;34m[0m[0m

[0;32m/opt/miniconda3/lib/python3.8/site-packages/ipywidgets/widgets/interaction.py[0m in [0;36mfind_abbreviations[0;34m(self, kwargs)[0m
[1;32m    286[0m             [0;32mfor[0m [0mname[0m[0;34m,[0m [0mvalue[0m[0;34m,[0m [0mdefault[0m [0;32min[0m [0m_yield_abbreviations_for_parameter[0m[0;34m([0m[0mparam[0m[0;34m,[0m [0mkwargs[0m[0;34m)[0m[0;34m:[0m[0;34m[0m[0;34m[0m[0m
[1;32m    287[0m                 [0;32mif[0m [0mvalue[0m [0;32mis[0m [0mempty[0m[0;34m:[0m[0;34m[0m[0;34m[0m[0m
[0;32m--> 288[0;31m                     [0;32mraise[0m [0mValueError[0m[0;34m([0m[0;34m'cannot find widget or abbreviation for argument: {!r}'[0m[0;34m.[0m[0mformat[0m[0;34m([0m[0mname[0m[0;34m)[0m[0;34m)[0m[0;34m[0m[0;34m[0m[0m
[0m[1;32m    289[0m                 [0mnew_kwargs[0m[0;34m.[0m[0mappend[0m[0;34m([0m[0;34m([0m[0mname[0m[0;34m,[0m [0mvalue[0m[0;34m,[0m [0mdefault[0m[0;34m)[0m[0;34m)[0m[0;34m[0m[0;34m[0m[0m
[1;32m    290[0m         [0;32mreturn[0m [0mnew_kwargs[0m[0;34m[0m[0;34m[0m[0m

[0;31mValueError[0m: cannot find widget or abbreviation for argument: 'n'
ValueError: cannot find widget or abbreviation for argument: 'n'

