Traceback (most recent call last):
  File "/home/ryan/.conda/envs/work/lib/python3.9/site-packages/jupyter_cache/executors/utils.py", line 51, in single_nb_execution
    executenb(
  File "/home/ryan/.conda/envs/work/lib/python3.9/site-packages/nbclient/client.py", line 1204, in execute
    return NotebookClient(nb=nb, resources=resources, km=km, **kwargs).execute()
  File "/home/ryan/.conda/envs/work/lib/python3.9/site-packages/nbclient/util.py", line 84, in wrapped
    return just_run(coro(*args, **kwargs))
  File "/home/ryan/.conda/envs/work/lib/python3.9/site-packages/nbclient/util.py", line 62, in just_run
    return loop.run_until_complete(coro)
  File "/home/ryan/.conda/envs/work/lib/python3.9/asyncio/base_events.py", line 647, in run_until_complete
    return future.result()
  File "/home/ryan/.conda/envs/work/lib/python3.9/site-packages/nbclient/client.py", line 663, in async_execute
    await self.async_execute_cell(
  File "/home/ryan/.conda/envs/work/lib/python3.9/site-packages/nbclient/client.py", line 965, in async_execute_cell
    await self._check_raise_for_error(cell, cell_index, exec_reply)
  File "/home/ryan/.conda/envs/work/lib/python3.9/site-packages/nbclient/client.py", line 862, in _check_raise_for_error
    raise CellExecutionError.from_cell_and_msg(cell, exec_reply_content)
nbclient.exceptions.CellExecutionError: An error occurred while executing the following cell:
------------------
anim = animation.FuncAnimation(fig, animate, init_func=init,
                               frames=range(0,len(t)), interval=10, 
                               blit=True)
------------------

[0;31m---------------------------------------------------------------------------[0m
[0;31mAttributeError[0m                            Traceback (most recent call last)
Input [0;32mIn [10][0m, in [0;36m<cell line: 1>[0;34m()[0m
[0;32m----> 1[0m anim [38;5;241m=[39m [43manimation[49m[38;5;241;43m.[39;49m[43mFuncAnimation[49m[43m([49m[43mfig[49m[43m,[49m[43m [49m[43manimate[49m[43m,[49m[43m [49m[43minit_func[49m[38;5;241;43m=[39;49m[43minit[49m[43m,[49m
[1;32m      2[0m [43m                               [49m[43mframes[49m[38;5;241;43m=[39;49m[38;5;28;43mrange[39;49m[43m([49m[38;5;241;43m0[39;49m[43m,[49m[38;5;28;43mlen[39;49m[43m([49m[43mt[49m[43m)[49m[43m)[49m[43m,[49m[43m [49m[43minterval[49m[38;5;241;43m=[39;49m[38;5;241;43m10[39;49m[43m,[49m[43m [49m
[1;32m      3[0m [43m                               [49m[43mblit[49m[38;5;241;43m=[39;49m[38;5;28;43;01mTrue[39;49;00m[43m)[49m

File [0;32m~/.conda/envs/work/lib/python3.9/site-packages/matplotlib/animation.py:1672[0m, in [0;36mFuncAnimation.__init__[0;34m(self, fig, func, frames, init_func, fargs, save_count, cache_frame_data, **kwargs)[0m
[1;32m   1669[0m [38;5;66;03m# Needs to be initialized so the draw functions work without checking[39;00m
[1;32m   1670[0m [38;5;28mself[39m[38;5;241m.[39m_save_seq [38;5;241m=[39m []
[0;32m-> 1672[0m [43mTimedAnimation[49m[38;5;241;43m.[39;49m[38;5;21;43m__init__[39;49m[43m([49m[38;5;28;43mself[39;49m[43m,[49m[43m [49m[43mfig[49m[43m,[49m[43m [49m[38;5;241;43m*[39;49m[38;5;241;43m*[39;49m[43mkwargs[49m[43m)[49m
[1;32m   1674[0m [38;5;66;03m# Need to reset the saved seq, since right now it will contain data[39;00m
[1;32m   1675[0m [38;5;66;03m# for a single frame from init, which is not what we want.[39;00m
[1;32m   1676[0m [38;5;28mself[39m[38;5;241m.[39m_save_seq [38;5;241m=[39m []

File [0;32m~/.conda/envs/work/lib/python3.9/site-packages/matplotlib/animation.py:1431[0m, in [0;36mTimedAnimation.__init__[0;34m(self, fig, interval, repeat_delay, repeat, event_source, *args, **kwargs)[0m
[1;32m   1429[0m [38;5;28;01mif[39;00m event_source [38;5;129;01mis[39;00m [38;5;28;01mNone[39;00m:
[1;32m   1430[0m     event_source [38;5;241m=[39m fig[38;5;241m.[39mcanvas[38;5;241m.[39mnew_timer(interval[38;5;241m=[39m[38;5;28mself[39m[38;5;241m.[39m_interval)
[0;32m-> 1431[0m [43mAnimation[49m[38;5;241;43m.[39;49m[38;5;21;43m__init__[39;49m[43m([49m[38;5;28;43mself[39;49m[43m,[49m[43m [49m[43mfig[49m[43m,[49m[43m [49m[43mevent_source[49m[38;5;241;43m=[39;49m[43mevent_source[49m[43m,[49m
[1;32m   1432[0m [43m                   [49m[38;5;241;43m*[39;49m[43margs[49m[43m,[49m[43m [49m[38;5;241;43m*[39;49m[38;5;241;43m*[39;49m[43mkwargs[49m[43m)[49m

File [0;32m~/.conda/envs/work/lib/python3.9/site-packages/matplotlib/animation.py:961[0m, in [0;36mAnimation.__init__[0;34m(self, fig, event_source, blit)[0m
[1;32m    958[0m [38;5;28mself[39m[38;5;241m.[39m_close_id [38;5;241m=[39m [38;5;28mself[39m[38;5;241m.[39m_fig[38;5;241m.[39mcanvas[38;5;241m.[39mmpl_connect([38;5;124m'[39m[38;5;124mclose_event[39m[38;5;124m'[39m,
[1;32m    959[0m                                               [38;5;28mself[39m[38;5;241m.[39m_stop)
[1;32m    960[0m [38;5;28;01mif[39;00m [38;5;28mself[39m[38;5;241m.[39m_blit:
[0;32m--> 961[0m     [38;5;28;43mself[39;49m[38;5;241;43m.[39;49m[43m_setup_blit[49m[43m([49m[43m)[49m

File [0;32m~/.conda/envs/work/lib/python3.9/site-packages/matplotlib/animation.py:1265[0m, in [0;36mAnimation._setup_blit[0;34m(self)[0m
[1;32m   1262[0m [38;5;28mself[39m[38;5;241m.[39m_drawn_artists [38;5;241m=[39m []
[1;32m   1263[0m [38;5;28mself[39m[38;5;241m.[39m_resize_id [38;5;241m=[39m [38;5;28mself[39m[38;5;241m.[39m_fig[38;5;241m.[39mcanvas[38;5;241m.[39mmpl_connect([38;5;124m'[39m[38;5;124mresize_event[39m[38;5;124m'[39m,
[1;32m   1264[0m                                                [38;5;28mself[39m[38;5;241m.[39m_on_resize)
[0;32m-> 1265[0m [38;5;28;43mself[39;49m[38;5;241;43m.[39;49m[43m_post_draw[49m[43m([49m[38;5;28;43;01mNone[39;49;00m[43m,[49m[43m [49m[38;5;28;43mself[39;49m[38;5;241;43m.[39;49m[43m_blit[49m[43m)[49m

File [0;32m~/.conda/envs/work/lib/python3.9/site-packages/matplotlib/animation.py:1218[0m, in [0;36mAnimation._post_draw[0;34m(self, framedata, blit)[0m
[1;32m   1216[0m     [38;5;28mself[39m[38;5;241m.[39m_blit_draw([38;5;28mself[39m[38;5;241m.[39m_drawn_artists)
[1;32m   1217[0m [38;5;28;01melse[39;00m:
[0;32m-> 1218[0m     [38;5;28;43mself[39;49m[38;5;241;43m.[39;49m[43m_fig[49m[38;5;241;43m.[39;49m[43mcanvas[49m[38;5;241;43m.[39;49m[43mdraw_idle[49m[43m([49m[43m)[49m

File [0;32m~/.conda/envs/work/lib/python3.9/site-packages/matplotlib/backend_bases.py:2012[0m, in [0;36mFigureCanvasBase.draw_idle[0;34m(self, *args, **kwargs)[0m
[1;32m   2010[0m [38;5;28;01mif[39;00m [38;5;129;01mnot[39;00m [38;5;28mself[39m[38;5;241m.[39m_is_idle_drawing:
[1;32m   2011[0m     [38;5;28;01mwith[39;00m [38;5;28mself[39m[38;5;241m.[39m_idle_draw_cntx():
[0;32m-> 2012[0m         [38;5;28;43mself[39;49m[38;5;241;43m.[39;49m[43mdraw[49m[43m([49m[38;5;241;43m*[39;49m[43margs[49m[43m,[49m[43m [49m[38;5;241;43m*[39;49m[38;5;241;43m*[39;49m[43mkwargs[49m[43m)[49m

File [0;32m~/.conda/envs/work/lib/python3.9/site-packages/matplotlib/backends/backend_agg.py:407[0m, in [0;36mFigureCanvasAgg.draw[0;34m(self)[0m
[1;32m    403[0m [38;5;66;03m# Acquire a lock on the shared font cache.[39;00m
[1;32m    404[0m [38;5;28;01mwith[39;00m RendererAgg[38;5;241m.[39mlock, \
[1;32m    405[0m      ([38;5;28mself[39m[38;5;241m.[39mtoolbar[38;5;241m.[39m_wait_cursor_for_draw_cm() [38;5;28;01mif[39;00m [38;5;28mself[39m[38;5;241m.[39mtoolbar
[1;32m    406[0m       [38;5;28;01melse[39;00m nullcontext()):
[0;32m--> 407[0m     [38;5;28;43mself[39;49m[38;5;241;43m.[39;49m[43mfigure[49m[38;5;241;43m.[39;49m[43mdraw[49m[43m([49m[38;5;28;43mself[39;49m[38;5;241;43m.[39;49m[43mrenderer[49m[43m)[49m
[1;32m    408[0m     [38;5;66;03m# A GUI class may be need to update a window using this draw, so[39;00m
[1;32m    409[0m     [38;5;66;03m# don't forget to call the superclass.[39;00m
[1;32m    410[0m     [38;5;28msuper[39m()[38;5;241m.[39mdraw()

File [0;32m~/.conda/envs/work/lib/python3.9/site-packages/matplotlib/artist.py:41[0m, in [0;36mallow_rasterization.<locals>.draw_wrapper[0;34m(artist, renderer, *args, **kwargs)[0m
[1;32m     38[0m     [38;5;28;01mif[39;00m artist[38;5;241m.[39mget_agg_filter() [38;5;129;01mis[39;00m [38;5;129;01mnot[39;00m [38;5;28;01mNone[39;00m:
[1;32m     39[0m         renderer[38;5;241m.[39mstart_filter()
[0;32m---> 41[0m     [38;5;28;01mreturn[39;00m [43mdraw[49m[43m([49m[43martist[49m[43m,[49m[43m [49m[43mrenderer[49m[43m,[49m[43m [49m[38;5;241;43m*[39;49m[43margs[49m[43m,[49m[43m [49m[38;5;241;43m*[39;49m[38;5;241;43m*[39;49m[43mkwargs[49m[43m)[49m
[1;32m     42[0m [38;5;28;01mfinally[39;00m:
[1;32m     43[0m     [38;5;28;01mif[39;00m artist[38;5;241m.[39mget_agg_filter() [38;5;129;01mis[39;00m [38;5;129;01mnot[39;00m [38;5;28;01mNone[39;00m:

File [0;32m~/.conda/envs/work/lib/python3.9/site-packages/matplotlib/figure.py:1870[0m, in [0;36mFigure.draw[0;34m(self, renderer)[0m
[1;32m   1867[0m [38;5;28;01mfinally[39;00m:
[1;32m   1868[0m     [38;5;28mself[39m[38;5;241m.[39mstale [38;5;241m=[39m [38;5;28;01mFalse[39;00m
[0;32m-> 1870[0m [38;5;28;43mself[39;49m[38;5;241;43m.[39;49m[43mcanvas[49m[38;5;241;43m.[39;49m[43mdraw_event[49m[43m([49m[43mrenderer[49m[43m)[49m

File [0;32m~/.conda/envs/work/lib/python3.9/site-packages/matplotlib/backend_bases.py:1759[0m, in [0;36mFigureCanvasBase.draw_event[0;34m(self, renderer)[0m
[1;32m   1757[0m s [38;5;241m=[39m [38;5;124m'[39m[38;5;124mdraw_event[39m[38;5;124m'[39m
[1;32m   1758[0m event [38;5;241m=[39m DrawEvent(s, [38;5;28mself[39m, renderer)
[0;32m-> 1759[0m [38;5;28;43mself[39;49m[38;5;241;43m.[39;49m[43mcallbacks[49m[38;5;241;43m.[39;49m[43mprocess[49m[43m([49m[43ms[49m[43m,[49m[43m [49m[43mevent[49m[43m)[49m

File [0;32m~/.conda/envs/work/lib/python3.9/site-packages/matplotlib/cbook/__init__.py:229[0m, in [0;36mCallbackRegistry.process[0;34m(self, s, *args, **kwargs)[0m
[1;32m    227[0m [38;5;28;01mexcept[39;00m [38;5;167;01mException[39;00m [38;5;28;01mas[39;00m exc:
[1;32m    228[0m     [38;5;28;01mif[39;00m [38;5;28mself[39m[38;5;241m.[39mexception_handler [38;5;129;01mis[39;00m [38;5;129;01mnot[39;00m [38;5;28;01mNone[39;00m:
[0;32m--> 229[0m         [38;5;28;43mself[39;49m[38;5;241;43m.[39;49m[43mexception_handler[49m[43m([49m[43mexc[49m[43m)[49m
[1;32m    230[0m     [38;5;28;01melse[39;00m:
[1;32m    231[0m         [38;5;28;01mraise[39;00m

File [0;32m~/.conda/envs/work/lib/python3.9/site-packages/matplotlib/cbook/__init__.py:81[0m, in [0;36m_exception_printer[0;34m(exc)[0m
[1;32m     79[0m [38;5;28;01mdef[39;00m [38;5;21m_exception_printer[39m(exc):
[1;32m     80[0m     [38;5;28;01mif[39;00m _get_running_interactive_framework() [38;5;129;01min[39;00m [[38;5;124m"[39m[38;5;124mheadless[39m[38;5;124m"[39m, [38;5;28;01mNone[39;00m]:
[0;32m---> 81[0m         [38;5;28;01mraise[39;00m exc
[1;32m     82[0m     [38;5;28;01melse[39;00m:
[1;32m     83[0m         traceback[38;5;241m.[39mprint_exc()

File [0;32m~/.conda/envs/work/lib/python3.9/site-packages/matplotlib/cbook/__init__.py:224[0m, in [0;36mCallbackRegistry.process[0;34m(self, s, *args, **kwargs)[0m
[1;32m    222[0m [38;5;28;01mif[39;00m func [38;5;129;01mis[39;00m [38;5;129;01mnot[39;00m [38;5;28;01mNone[39;00m:
[1;32m    223[0m     [38;5;28;01mtry[39;00m:
[0;32m--> 224[0m         [43mfunc[49m[43m([49m[38;5;241;43m*[39;49m[43margs[49m[43m,[49m[43m [49m[38;5;241;43m*[39;49m[38;5;241;43m*[39;49m[43mkwargs[49m[43m)[49m
[1;32m    225[0m     [38;5;66;03m# this does not capture KeyboardInterrupt, SystemExit,[39;00m
[1;32m    226[0m     [38;5;66;03m# and GeneratorExit[39;00m
[1;32m    227[0m     [38;5;28;01mexcept[39;00m [38;5;167;01mException[39;00m [38;5;28;01mas[39;00m exc:

File [0;32m~/.conda/envs/work/lib/python3.9/site-packages/matplotlib/animation.py:975[0m, in [0;36mAnimation._start[0;34m(self, *args)[0m
[1;32m    972[0m [38;5;28mself[39m[38;5;241m.[39m_fig[38;5;241m.[39mcanvas[38;5;241m.[39mmpl_disconnect([38;5;28mself[39m[38;5;241m.[39m_first_draw_id)
[1;32m    974[0m [38;5;66;03m# Now do any initial draw[39;00m
[0;32m--> 975[0m [38;5;28;43mself[39;49m[38;5;241;43m.[39;49m[43m_init_draw[49m[43m([49m[43m)[49m
[1;32m    977[0m [38;5;66;03m# Add our callback for stepping the animation and[39;00m
[1;32m    978[0m [38;5;66;03m# actually start the event_source.[39;00m
[1;32m    979[0m [38;5;28mself[39m[38;5;241m.[39mevent_source[38;5;241m.[39madd_callback([38;5;28mself[39m[38;5;241m.[39m_step)

File [0;32m~/.conda/envs/work/lib/python3.9/site-packages/matplotlib/animation.py:1722[0m, in [0;36mFuncAnimation._init_draw[0;34m(self)[0m
[1;32m   1719[0m     [38;5;28mself[39m[38;5;241m.[39m_draw_frame([38;5;28mnext[39m([38;5;28mself[39m[38;5;241m.[39mnew_frame_seq()))
[1;32m   1721[0m [38;5;28;01melse[39;00m:
[0;32m-> 1722[0m     [38;5;28mself[39m[38;5;241m.[39m_drawn_artists [38;5;241m=[39m [38;5;28;43mself[39;49m[38;5;241;43m.[39;49m[43m_init_func[49m[43m([49m[43m)[49m
[1;32m   1723[0m     [38;5;28;01mif[39;00m [38;5;28mself[39m[38;5;241m.[39m_blit:
[1;32m   1724[0m         [38;5;28;01mif[39;00m [38;5;28mself[39m[38;5;241m.[39m_drawn_artists [38;5;129;01mis[39;00m [38;5;28;01mNone[39;00m:

Input [0;32mIn [9][0m, in [0;36minit[0;34m()[0m
[1;32m     15[0m [38;5;28;01mdef[39;00m [38;5;21minit[39m():
[1;32m     16[0m     line1[38;5;241m.[39mset_data([], [])
[0;32m---> 17[0m     [43mline1[49m[38;5;241;43m.[39;49m[43mset_3d_properties[49m[43m([49m[43m[[49m[43m][49m[43m)[49m
[1;32m     18[0m     line2[38;5;241m.[39mset_data([], [])
[1;32m     19[0m     line2[38;5;241m.[39mset_3d_properties([])

File [0;32m~/.conda/envs/work/lib/python3.9/site-packages/mpl_toolkits/mplot3d/art3d.py:143[0m, in [0;36mLine3D.set_3d_properties[0;34m(self, zs, zdir)[0m
[1;32m    141[0m xs [38;5;241m=[39m [38;5;28mself[39m[38;5;241m.[39mget_xdata()
[1;32m    142[0m ys [38;5;241m=[39m [38;5;28mself[39m[38;5;241m.[39mget_ydata()
[0;32m--> 143[0m zs [38;5;241m=[39m np[38;5;241m.[39mbroadcast_to(zs, [43mxs[49m[38;5;241;43m.[39;49m[43mshape[49m)
[1;32m    144[0m [38;5;28mself[39m[38;5;241m.[39m_verts3d [38;5;241m=[39m juggle_axes(xs, ys, zs, zdir)
[1;32m    145[0m [38;5;28mself[39m[38;5;241m.[39mstale [38;5;241m=[39m [38;5;28;01mTrue[39;00m

[0;31mAttributeError[0m: 'list' object has no attribute 'shape'
AttributeError: 'list' object has no attribute 'shape'

