Traceback (most recent call last):
  File "/home/ryan/.conda/envs/work3-9/lib/python3.9/site-packages/jupyter_cache/executors/utils.py", line 58, in single_nb_execution
    executenb(
  File "/home/ryan/.conda/envs/work3-9/lib/python3.9/site-packages/nbclient/client.py", line 1093, in execute
    return NotebookClient(nb=nb, resources=resources, km=km, **kwargs).execute()
  File "/home/ryan/.conda/envs/work3-9/lib/python3.9/site-packages/nbclient/util.py", line 84, in wrapped
    return just_run(coro(*args, **kwargs))
  File "/home/ryan/.conda/envs/work3-9/lib/python3.9/site-packages/nbclient/util.py", line 62, in just_run
    return loop.run_until_complete(coro)
  File "/home/ryan/.conda/envs/work3-9/lib/python3.9/asyncio/base_events.py", line 642, in run_until_complete
    return future.result()
  File "/home/ryan/.conda/envs/work3-9/lib/python3.9/site-packages/nbclient/client.py", line 559, in async_execute
    await self.async_execute_cell(
  File "/home/ryan/.conda/envs/work3-9/lib/python3.9/site-packages/nbclient/client.py", line 854, in async_execute_cell
    self._check_raise_for_error(cell, exec_reply)
  File "/home/ryan/.conda/envs/work3-9/lib/python3.9/site-packages/nbclient/client.py", line 756, in _check_raise_for_error
    raise CellExecutionError.from_cell_and_msg(cell, exec_reply_content)
nbclient.exceptions.CellExecutionError: An error occurred while executing the following cell:
------------------
import matplotlib.pyplot as plt

from matplotlib import animation, rc
from IPython.display import HTML

fig, ax = plt.subplots()

ax.set_xlim(( 0, 3))
ax.set_ylim((-0.1, 5))

line1, = ax.plot([], [], 's')
line2, = ax.plot([], [], 'r-v')

def init():
    line.set_data([], [])
    line2.set_data([],[])
    return (line1, line2)
    
def animate(i):
    x = np.linspace(0, 1, 100)
    line1.set_data(x[i], 0)
    line2.set_data([x[i], x[i] + F[0]], [0, 0 + F[1]]) 
    #plt.quiver(x[i],0,F[0],F[1])
    return (line1, line2)
    
anim = animation.FuncAnimation(fig, animate, init_func=init,
                               frames=100, interval=20, blit=True)

HTML(anim.to_html5_video())
------------------

[0;31m---------------------------------------------------------------------------[0m
[0;31mNameError[0m                                 Traceback (most recent call last)
[0;32m<ipython-input-53-622aff427877>[0m in [0;36m<module>[0;34m[0m
[1;32m     24[0m     [0;32mreturn[0m [0;34m([0m[0mline1[0m[0;34m,[0m [0mline2[0m[0;34m)[0m[0;34m[0m[0;34m[0m[0m
[1;32m     25[0m [0;34m[0m[0m
[0;32m---> 26[0;31m anim = animation.FuncAnimation(fig, animate, init_func=init,
[0m[1;32m     27[0m                                frames=100, interval=20, blit=True)
[1;32m     28[0m [0;34m[0m[0m

[0;32m~/.conda/envs/work3-9/lib/python3.9/site-packages/matplotlib/animation.py[0m in [0;36m__init__[0;34m(self, fig, func, frames, init_func, fargs, save_count, cache_frame_data, **kwargs)[0m
[1;32m   1703[0m         [0mself[0m[0;34m.[0m[0m_save_seq[0m [0;34m=[0m [0;34m[[0m[0;34m][0m[0;34m[0m[0;34m[0m[0m
[1;32m   1704[0m [0;34m[0m[0m
[0;32m-> 1705[0;31m         [0msuper[0m[0;34m([0m[0;34m)[0m[0;34m.[0m[0m__init__[0m[0;34m([0m[0mfig[0m[0;34m,[0m [0;34m**[0m[0mkwargs[0m[0;34m)[0m[0;34m[0m[0;34m[0m[0m
[0m[1;32m   1706[0m [0;34m[0m[0m
[1;32m   1707[0m         [0;31m# Need to reset the saved seq, since right now it will contain data[0m[0;34m[0m[0;34m[0m[0m

[0;32m~/.conda/envs/work3-9/lib/python3.9/site-packages/matplotlib/animation.py[0m in [0;36m__init__[0;34m(self, fig, interval, repeat_delay, repeat, event_source, *args, **kwargs)[0m
[1;32m   1465[0m         [0;32mif[0m [0mevent_source[0m [0;32mis[0m [0;32mNone[0m[0;34m:[0m[0;34m[0m[0;34m[0m[0m
[1;32m   1466[0m             [0mevent_source[0m [0;34m=[0m [0mfig[0m[0;34m.[0m[0mcanvas[0m[0;34m.[0m[0mnew_timer[0m[0;34m([0m[0minterval[0m[0;34m=[0m[0mself[0m[0;34m.[0m[0m_interval[0m[0;34m)[0m[0;34m[0m[0;34m[0m[0m
[0;32m-> 1467[0;31m         [0msuper[0m[0;34m([0m[0;34m)[0m[0;34m.[0m[0m__init__[0m[0;34m([0m[0mfig[0m[0;34m,[0m [0mevent_source[0m[0;34m=[0m[0mevent_source[0m[0;34m,[0m [0;34m*[0m[0margs[0m[0;34m,[0m [0;34m**[0m[0mkwargs[0m[0;34m)[0m[0;34m[0m[0;34m[0m[0m
[0m[1;32m   1468[0m [0;34m[0m[0m
[1;32m   1469[0m     [0;32mdef[0m [0m_step[0m[0;34m([0m[0mself[0m[0;34m,[0m [0;34m*[0m[0margs[0m[0;34m)[0m[0;34m:[0m[0;34m[0m[0;34m[0m[0m

[0;32m~/.conda/envs/work3-9/lib/python3.9/site-packages/matplotlib/animation.py[0m in [0;36m__init__[0;34m(self, fig, event_source, blit)[0m
[1;32m    967[0m                                                       self._stop)
[1;32m    968[0m         [0;32mif[0m [0mself[0m[0;34m.[0m[0m_blit[0m[0;34m:[0m[0;34m[0m[0;34m[0m[0m
[0;32m--> 969[0;31m             [0mself[0m[0;34m.[0m[0m_setup_blit[0m[0;34m([0m[0;34m)[0m[0;34m[0m[0;34m[0m[0m
[0m[1;32m    970[0m [0;34m[0m[0m
[1;32m    971[0m     [0;32mdef[0m [0m__del__[0m[0;34m([0m[0mself[0m[0;34m)[0m[0;34m:[0m[0;34m[0m[0;34m[0m[0m

[0;32m~/.conda/envs/work3-9/lib/python3.9/site-packages/matplotlib/animation.py[0m in [0;36m_setup_blit[0;34m(self)[0m
[1;32m   1279[0m         self._resize_id = self._fig.canvas.mpl_connect('resize_event',
[1;32m   1280[0m                                                        self._on_resize)
[0;32m-> 1281[0;31m         [0mself[0m[0;34m.[0m[0m_post_draw[0m[0;34m([0m[0;32mNone[0m[0;34m,[0m [0mself[0m[0;34m.[0m[0m_blit[0m[0;34m)[0m[0;34m[0m[0;34m[0m[0m
[0m[1;32m   1282[0m [0;34m[0m[0m
[1;32m   1283[0m     [0;32mdef[0m [0m_on_resize[0m[0;34m([0m[0mself[0m[0;34m,[0m [0mevent[0m[0;34m)[0m[0;34m:[0m[0;34m[0m[0;34m[0m[0m

[0;32m~/.conda/envs/work3-9/lib/python3.9/site-packages/matplotlib/animation.py[0m in [0;36m_post_draw[0;34m(self, framedata, blit)[0m
[1;32m   1232[0m             [0mself[0m[0;34m.[0m[0m_blit_draw[0m[0;34m([0m[0mself[0m[0;34m.[0m[0m_drawn_artists[0m[0;34m)[0m[0;34m[0m[0;34m[0m[0m
[1;32m   1233[0m         [0;32melse[0m[0;34m:[0m[0;34m[0m[0;34m[0m[0m
[0;32m-> 1234[0;31m             [0mself[0m[0;34m.[0m[0m_fig[0m[0;34m.[0m[0mcanvas[0m[0;34m.[0m[0mdraw_idle[0m[0;34m([0m[0;34m)[0m[0;34m[0m[0;34m[0m[0m
[0m[1;32m   1235[0m [0;34m[0m[0m
[1;32m   1236[0m     [0;31m# The rest of the code in this class is to facilitate easy blitting[0m[0;34m[0m[0;34m[0m[0m

[0;32m~/.conda/envs/work3-9/lib/python3.9/site-packages/matplotlib/backend_bases.py[0m in [0;36mdraw_idle[0;34m(self, *args, **kwargs)[0m
[1;32m   2053[0m         [0;32mif[0m [0;32mnot[0m [0mself[0m[0;34m.[0m[0m_is_idle_drawing[0m[0;34m:[0m[0;34m[0m[0;34m[0m[0m
[1;32m   2054[0m             [0;32mwith[0m [0mself[0m[0;34m.[0m[0m_idle_draw_cntx[0m[0;34m([0m[0;34m)[0m[0;34m:[0m[0;34m[0m[0;34m[0m[0m
[0;32m-> 2055[0;31m                 [0mself[0m[0;34m.[0m[0mdraw[0m[0;34m([0m[0;34m*[0m[0margs[0m[0;34m,[0m [0;34m**[0m[0mkwargs[0m[0;34m)[0m[0;34m[0m[0;34m[0m[0m
[0m[1;32m   2056[0m [0;34m[0m[0m
[1;32m   2057[0m     [0;32mdef[0m [0mget_width_height[0m[0;34m([0m[0mself[0m[0;34m)[0m[0;34m:[0m[0;34m[0m[0;34m[0m[0m

[0;32m~/.conda/envs/work3-9/lib/python3.9/site-packages/matplotlib/backends/backend_agg.py[0m in [0;36mdraw[0;34m(self)[0m
[1;32m    404[0m              (self.toolbar._wait_cursor_for_draw_cm() if self.toolbar
[1;32m    405[0m               else nullcontext()):
[0;32m--> 406[0;31m             [0mself[0m[0;34m.[0m[0mfigure[0m[0;34m.[0m[0mdraw[0m[0;34m([0m[0mself[0m[0;34m.[0m[0mrenderer[0m[0;34m)[0m[0;34m[0m[0;34m[0m[0m
[0m[1;32m    407[0m             [0;31m# A GUI class may be need to update a window using this draw, so[0m[0;34m[0m[0;34m[0m[0m
[1;32m    408[0m             [0;31m# don't forget to call the superclass.[0m[0;34m[0m[0;34m[0m[0m

[0;32m~/.conda/envs/work3-9/lib/python3.9/site-packages/matplotlib/artist.py[0m in [0;36mdraw_wrapper[0;34m(artist, renderer, *args, **kwargs)[0m
[1;32m     72[0m     [0;34m@[0m[0mwraps[0m[0;34m([0m[0mdraw[0m[0;34m)[0m[0;34m[0m[0;34m[0m[0m
[1;32m     73[0m     [0;32mdef[0m [0mdraw_wrapper[0m[0;34m([0m[0martist[0m[0;34m,[0m [0mrenderer[0m[0;34m,[0m [0;34m*[0m[0margs[0m[0;34m,[0m [0;34m**[0m[0mkwargs[0m[0;34m)[0m[0;34m:[0m[0;34m[0m[0;34m[0m[0m
[0;32m---> 74[0;31m         [0mresult[0m [0;34m=[0m [0mdraw[0m[0;34m([0m[0martist[0m[0;34m,[0m [0mrenderer[0m[0;34m,[0m [0;34m*[0m[0margs[0m[0;34m,[0m [0;34m**[0m[0mkwargs[0m[0;34m)[0m[0;34m[0m[0;34m[0m[0m
[0m[1;32m     75[0m         [0;32mif[0m [0mrenderer[0m[0;34m.[0m[0m_rasterizing[0m[0;34m:[0m[0;34m[0m[0;34m[0m[0m
[1;32m     76[0m             [0mrenderer[0m[0;34m.[0m[0mstop_rasterizing[0m[0;34m([0m[0;34m)[0m[0;34m[0m[0;34m[0m[0m

[0;32m~/.conda/envs/work3-9/lib/python3.9/site-packages/matplotlib/artist.py[0m in [0;36mdraw_wrapper[0;34m(artist, renderer, *args, **kwargs)[0m
[1;32m     49[0m                 [0mrenderer[0m[0;34m.[0m[0mstart_filter[0m[0;34m([0m[0;34m)[0m[0;34m[0m[0;34m[0m[0m
[1;32m     50[0m [0;34m[0m[0m
[0;32m---> 51[0;31m             [0;32mreturn[0m [0mdraw[0m[0;34m([0m[0martist[0m[0;34m,[0m [0mrenderer[0m[0;34m,[0m [0;34m*[0m[0margs[0m[0;34m,[0m [0;34m**[0m[0mkwargs[0m[0;34m)[0m[0;34m[0m[0;34m[0m[0m
[0m[1;32m     52[0m         [0;32mfinally[0m[0;34m:[0m[0;34m[0m[0;34m[0m[0m
[1;32m     53[0m             [0;32mif[0m [0martist[0m[0;34m.[0m[0mget_agg_filter[0m[0;34m([0m[0;34m)[0m [0;32mis[0m [0;32mnot[0m [0;32mNone[0m[0;34m:[0m[0;34m[0m[0;34m[0m[0m

[0;32m~/.conda/envs/work3-9/lib/python3.9/site-packages/matplotlib/figure.py[0m in [0;36mdraw[0;34m(self, renderer)[0m
[1;32m   2798[0m             [0mself[0m[0;34m.[0m[0mstale[0m [0;34m=[0m [0;32mFalse[0m[0;34m[0m[0;34m[0m[0m
[1;32m   2799[0m [0;34m[0m[0m
[0;32m-> 2800[0;31m         [0mself[0m[0;34m.[0m[0mcanvas[0m[0;34m.[0m[0mdraw_event[0m[0;34m([0m[0mrenderer[0m[0;34m)[0m[0;34m[0m[0;34m[0m[0m
[0m[1;32m   2801[0m [0;34m[0m[0m
[1;32m   2802[0m     [0;32mdef[0m [0mdraw_artist[0m[0;34m([0m[0mself[0m[0;34m,[0m [0ma[0m[0;34m)[0m[0;34m:[0m[0;34m[0m[0;34m[0m[0m

[0;32m~/.conda/envs/work3-9/lib/python3.9/site-packages/matplotlib/backend_bases.py[0m in [0;36mdraw_event[0;34m(self, renderer)[0m
[1;32m   1790[0m         [0ms[0m [0;34m=[0m [0;34m'draw_event'[0m[0;34m[0m[0;34m[0m[0m
[1;32m   1791[0m         [0mevent[0m [0;34m=[0m [0mDrawEvent[0m[0;34m([0m[0ms[0m[0;34m,[0m [0mself[0m[0;34m,[0m [0mrenderer[0m[0;34m)[0m[0;34m[0m[0;34m[0m[0m
[0;32m-> 1792[0;31m         [0mself[0m[0;34m.[0m[0mcallbacks[0m[0;34m.[0m[0mprocess[0m[0;34m([0m[0ms[0m[0;34m,[0m [0mevent[0m[0;34m)[0m[0;34m[0m[0;34m[0m[0m
[0m[1;32m   1793[0m [0;34m[0m[0m
[1;32m   1794[0m     [0;32mdef[0m [0mresize_event[0m[0;34m([0m[0mself[0m[0;34m)[0m[0;34m:[0m[0;34m[0m[0;34m[0m[0m

[0;32m~/.conda/envs/work3-9/lib/python3.9/site-packages/matplotlib/cbook/__init__.py[0m in [0;36mprocess[0;34m(self, s, *args, **kwargs)[0m
[1;32m    273[0m                 [0;32mexcept[0m [0mException[0m [0;32mas[0m [0mexc[0m[0;34m:[0m[0;34m[0m[0;34m[0m[0m
[1;32m    274[0m                     [0;32mif[0m [0mself[0m[0;34m.[0m[0mexception_handler[0m [0;32mis[0m [0;32mnot[0m [0;32mNone[0m[0;34m:[0m[0;34m[0m[0;34m[0m[0m
[0;32m--> 275[0;31m                         [0mself[0m[0;34m.[0m[0mexception_handler[0m[0;34m([0m[0mexc[0m[0;34m)[0m[0;34m[0m[0;34m[0m[0m
[0m[1;32m    276[0m                     [0;32melse[0m[0;34m:[0m[0;34m[0m[0;34m[0m[0m
[1;32m    277[0m                         [0;32mraise[0m[0;34m[0m[0;34m[0m[0m

[0;32m~/.conda/envs/work3-9/lib/python3.9/site-packages/matplotlib/cbook/__init__.py[0m in [0;36m_exception_printer[0;34m(exc)[0m
[1;32m     87[0m [0;32mdef[0m [0m_exception_printer[0m[0;34m([0m[0mexc[0m[0;34m)[0m[0;34m:[0m[0;34m[0m[0;34m[0m[0m
[1;32m     88[0m     [0;32mif[0m [0m_get_running_interactive_framework[0m[0;34m([0m[0;34m)[0m [0;32min[0m [0;34m[[0m[0;34m"headless"[0m[0;34m,[0m [0;32mNone[0m[0;34m][0m[0;34m:[0m[0;34m[0m[0;34m[0m[0m
[0;32m---> 89[0;31m         [0;32mraise[0m [0mexc[0m[0;34m[0m[0;34m[0m[0m
[0m[1;32m     90[0m     [0;32melse[0m[0;34m:[0m[0;34m[0m[0;34m[0m[0m
[1;32m     91[0m         [0mtraceback[0m[0;34m.[0m[0mprint_exc[0m[0;34m([0m[0;34m)[0m[0;34m[0m[0;34m[0m[0m

[0;32m~/.conda/envs/work3-9/lib/python3.9/site-packages/matplotlib/cbook/__init__.py[0m in [0;36mprocess[0;34m(self, s, *args, **kwargs)[0m
[1;32m    268[0m             [0;32mif[0m [0mfunc[0m [0;32mis[0m [0;32mnot[0m [0;32mNone[0m[0;34m:[0m[0;34m[0m[0;34m[0m[0m
[1;32m    269[0m                 [0;32mtry[0m[0;34m:[0m[0;34m[0m[0;34m[0m[0m
[0;32m--> 270[0;31m                     [0mfunc[0m[0;34m([0m[0;34m*[0m[0margs[0m[0;34m,[0m [0;34m**[0m[0mkwargs[0m[0;34m)[0m[0;34m[0m[0;34m[0m[0m
[0m[1;32m    271[0m                 [0;31m# this does not capture KeyboardInterrupt, SystemExit,[0m[0;34m[0m[0;34m[0m[0m
[1;32m    272[0m                 [0;31m# and GeneratorExit[0m[0;34m[0m[0;34m[0m[0m

[0;32m~/.conda/envs/work3-9/lib/python3.9/site-packages/matplotlib/animation.py[0m in [0;36m_start[0;34m(self, *args)[0m
[1;32m    989[0m [0;34m[0m[0m
[1;32m    990[0m         [0;31m# Now do any initial draw[0m[0;34m[0m[0;34m[0m[0m
[0;32m--> 991[0;31m         [0mself[0m[0;34m.[0m[0m_init_draw[0m[0;34m([0m[0;34m)[0m[0;34m[0m[0;34m[0m[0m
[0m[1;32m    992[0m [0;34m[0m[0m
[1;32m    993[0m         [0;31m# Add our callback for stepping the animation and[0m[0;34m[0m[0;34m[0m[0m

[0;32m~/.conda/envs/work3-9/lib/python3.9/site-packages/matplotlib/animation.py[0m in [0;36m_init_draw[0;34m(self)[0m
[1;32m   1754[0m [0;34m[0m[0m
[1;32m   1755[0m         [0;32melse[0m[0;34m:[0m[0;34m[0m[0;34m[0m[0m
[0;32m-> 1756[0;31m             [0mself[0m[0;34m.[0m[0m_drawn_artists[0m [0;34m=[0m [0mself[0m[0;34m.[0m[0m_init_func[0m[0;34m([0m[0;34m)[0m[0;34m[0m[0;34m[0m[0m
[0m[1;32m   1757[0m             [0;32mif[0m [0mself[0m[0;34m.[0m[0m_blit[0m[0;34m:[0m[0;34m[0m[0;34m[0m[0m
[1;32m   1758[0m                 [0;32mif[0m [0mself[0m[0;34m.[0m[0m_drawn_artists[0m [0;32mis[0m [0;32mNone[0m[0;34m:[0m[0;34m[0m[0;34m[0m[0m

[0;32m<ipython-input-53-622aff427877>[0m in [0;36minit[0;34m()[0m
[1;32m     13[0m [0;34m[0m[0m
[1;32m     14[0m [0;32mdef[0m [0minit[0m[0;34m([0m[0;34m)[0m[0;34m:[0m[0;34m[0m[0;34m[0m[0m
[0;32m---> 15[0;31m     [0mline[0m[0;34m.[0m[0mset_data[0m[0;34m([0m[0;34m[[0m[0;34m][0m[0;34m,[0m [0;34m[[0m[0;34m][0m[0;34m)[0m[0;34m[0m[0;34m[0m[0m
[0m[1;32m     16[0m     [0mline2[0m[0;34m.[0m[0mset_data[0m[0;34m([0m[0;34m[[0m[0;34m][0m[0;34m,[0m[0;34m[[0m[0;34m][0m[0;34m)[0m[0;34m[0m[0;34m[0m[0m
[1;32m     17[0m     [0;32mreturn[0m [0;34m([0m[0mline1[0m[0;34m,[0m [0mline2[0m[0;34m)[0m[0;34m[0m[0;34m[0m[0m

[0;31mNameError[0m: name 'line' is not defined
NameError: name 'line' is not defined

